# JRE version: Java(TM) SE Runtime Environment (18.0.2.1+1) (build 18.0.2.1+1-1)
# Java VM: Java HotSpot(TM) 64-Bit Server VM (18.0.2.1+1-1, mixed mode, sharing, tiered, compressed oops, compressed class ptrs, g1 gc, windows-amd64)
GC Precious Log:
 CardTable entry size: 512
 Card Set container configuration: InlinePtr #cards 4 size 8 Array Of Cards #cards 16 size 48 Howl #buckets 8 coarsen threshold 3686 Howl Bitmap #cards 512 size 80 coarsen threshold 460 Card regions per heap region 1 cards per card region 4096
 CPUs: 12 total, 12 available
 Memory: 16145M
 Large Page Support: Disabled
 NUMA Support: Disabled
 Compressed Oops: Enabled (Zero based)
 Heap Region Size: 2M
 Heap Min Capacity: 8M
 Heap Initial Capacity: 254M
 Heap Max Capacity: 4038M
 Pre-touch: Disabled
 Parallel Workers: 10
 Concurrent Workers: 3
 Concurrent Refinement Workers: 10
 Periodic GC: Disabled
Heap:
 garbage-first heap   total 141312K, used 64843K [0x0000000703a00000, 0x0000000800000000)
  region size 2048K, 1 young (2048K), 1 survivors (2048K)
 Metaspace       used 78958K, committed 79744K, reserved 1179648K
  class space    used 10882K, committed 11264K, reserved 1048576K
GC Heap History (20 events):
Event: 5.277 GC heap after
{Heap after GC invocations=14 (full 0):
 garbage-first heap   total 137216K, used 28640K [0x0000000703a00000, 0x0000000800000000)
  region size 2048K, 2 young (4096K), 2 survivors (4096K)
 Metaspace       used 59964K, committed 60480K, reserved 1114112K
  class space    used 7987K, committed 8256K, reserved 1048576K
}
Event: 6.089 GC heap before
{Heap before GC invocations=15 (full 0):
 garbage-first heap   total 110592K, used 90080K [0x0000000703a00000, 0x0000000800000000)
  region size 2048K, 32 young (65536K), 2 survivors (4096K)
 Metaspace       used 65480K, committed 66048K, reserved 1114112K
  class space    used 8814K, committed 9088K, reserved 1048576K
}
Event: 6.097 GC heap after
{Heap after GC invocations=16 (full 0):
 garbage-first heap   total 110592K, used 31849K [0x0000000703a00000, 0x0000000800000000)
  region size 2048K, 3 young (6144K), 3 survivors (6144K)
 Metaspace       used 65480K, committed 66048K, reserved 1114112K
  class space    used 8814K, committed 9088K, reserved 1048576K
}
Event: 6.499 GC heap before
{Heap before GC invocations=16 (full 0):
 garbage-first heap   total 110592K, used 85097K [0x0000000703a00000, 0x0000000800000000)
  region size 2048K, 29 young (59392K), 3 survivors (6144K)
 Metaspace       used 70001K, committed 70592K, reserved 1114112K
  class space    used 9622K, committed 9920K, reserved 1048576K
}
Event: 6.509 GC heap after
{Heap after GC invocations=17 (full 0):
 garbage-first heap   total 110592K, used 34540K [0x0000000703a00000, 0x0000000800000000)
  region size 2048K, 3 young (6144K), 3 survivors (6144K)
 Metaspace       used 70001K, committed 70592K, reserved 1114112K
  class space    used 9622K, committed 9920K, reserved 1048576K
}
Event: 7.150 GC heap before
{Heap before GC invocations=17 (full 0):
 garbage-first heap   total 110592K, used 85740K [0x0000000703a00000, 0x0000000800000000)
  region size 2048K, 28 young (57344K), 3 survivors (6144K)
 Metaspace       used 73063K, committed 73664K, reserved 1114112K
  class space    used 10106K, committed 10368K, reserved 1048576K
}
Event: 7.160 GC heap after
{Heap after GC invocations=18 (full 0):
 garbage-first heap   total 110592K, used 37991K [0x0000000703a00000, 0x0000000800000000)
  region size 2048K, 3 young (6144K), 3 survivors (6144K)
 Metaspace       used 73063K, committed 73664K, reserved 1114112K
  class space    used 10106K, committed 10368K, reserved 1048576K
}
Event: 7.526 GC heap before
{Heap before GC invocations=18 (full 0):
 garbage-first heap   total 110592K, used 85095K [0x0000000703a00000, 0x0000000800000000)
  region size 2048K, 27 young (55296K), 3 survivors (6144K)
 Metaspace       used 75439K, committed 76096K, reserved 1114112K
  class space    used 10379K, committed 10688K, reserved 1048576K
}
Event: 7.541 GC heap after
{Heap after GC invocations=19 (full 0):
 garbage-first heap   total 110592K, used 45268K [0x0000000703a00000, 0x0000000800000000)
  region size 2048K, 4 young (8192K), 4 survivors (8192K)
 Metaspace       used 75439K, committed 76096K, reserved 1114112K
  class space    used 10379K, committed 10688K, reserved 1048576K
}
Event: 7.612 GC heap before
{Heap before GC invocations=19 (full 0):
 garbage-first heap   total 110592K, used 82132K [0x0000000703a00000, 0x0000000800000000)
  region size 2048K, 23 young (47104K), 4 survivors (8192K)
 Metaspace       used 75499K, committed 76160K, reserved 1114112K
  class space    used 10381K, committed 10688K, reserved 1048576K
}
Event: 7.627 GC heap after
{Heap after GC invocations=20 (full 0):
 garbage-first heap   total 133120K, used 54597K [0x0000000703a00000, 0x0000000800000000)
  region size 2048K, 3 young (6144K), 3 survivors (6144K)
 Metaspace       used 75499K, committed 76160K, reserved 1114112K
  class space    used 10381K, committed 10688K, reserved 1048576K
}
Event: 7.726 GC heap before
{Heap before GC invocations=20 (full 0):
 garbage-first heap   total 133120K, used 95557K [0x0000000703a00000, 0x0000000800000000)
  region size 2048K, 24 young (49152K), 3 survivors (6144K)
 Metaspace       used 75690K, committed 76352K, reserved 1179648K
  class space    used 10390K, committed 10688K, reserved 1048576K
}
Event: 7.736 GC heap after
{Heap after GC invocations=21 (full 0):
 garbage-first heap   total 133120K, used 64676K [0x0000000703a00000, 0x0000000800000000)
  region size 2048K, 3 young (6144K), 3 survivors (6144K)
 Metaspace       used 75690K, committed 76352K, reserved 1179648K
  class space    used 10390K, committed 10688K, reserved 1048576K
}
Event: 7.830 GC heap before
{Heap before GC invocations=21 (full 0):
 garbage-first heap   total 133120K, used 97444K [0x0000000703a00000, 0x0000000800000000)
  region size 2048K, 20 young (40960K), 3 survivors (6144K)
 Metaspace       used 76019K, committed 76736K, reserved 1179648K
  class space    used 10437K, committed 10752K, reserved 1048576K
}
Event: 7.843 GC heap after
{Heap after GC invocations=22 (full 0):
 garbage-first heap   total 133120K, used 75077K [0x0000000703a00000, 0x0000000800000000)
  region size 2048K, 3 young (6144K), 3 survivors (6144K)
 Metaspace       used 76019K, committed 76736K, reserved 1179648K
  class space    used 10437K, committed 10752K, reserved 1048576K
}
Event: 8.216 GC heap before
{Heap before GC invocations=22 (full 0):
 garbage-first heap   total 133120K, used 99653K [0x0000000703a00000, 0x0000000800000000)
  region size 2048K, 15 young (30720K), 3 survivors (6144K)
 Metaspace       used 77725K, committed 78464K, reserved 1179648K
  class space    used 10688K, committed 11008K, reserved 1048576K
}
Event: 8.222 GC heap after
{Heap after GC invocations=23 (full 0):
 garbage-first heap   total 133120K, used 78185K [0x0000000703a00000, 0x0000000800000000)
  region size 2048K, 2 young (4096K), 2 survivors (4096K)
 Metaspace       used 77725K, committed 78464K, reserved 1179648K
  class space    used 10688K, committed 11008K, reserved 1048576K
}
Event: 8.469 GC heap before
{Heap before GC invocations=24 (full 0):
 garbage-first heap   total 141312K, used 98665K [0x0000000703a00000, 0x0000000800000000)
  region size 2048K, 13 young (26624K), 2 survivors (4096K)
 Metaspace       used 78889K, committed 79680K, reserved 1179648K
  class space    used 10869K, committed 11264K, reserved 1048576K
}
Event: 8.474 GC heap after
{Heap after GC invocations=25 (full 0):
 garbage-first heap   total 141312K, used 77354K [0x0000000703a00000, 0x0000000800000000)
  region size 2048K, 2 young (4096K), 2 survivors (4096K)
 Metaspace       used 78889K, committed 79680K, reserved 1179648K
  class space    used 10869K, committed 11264K, reserved 1048576K
}
Event: 8.487 GC heap before
{Heap before GC invocations=25 (full 0):
 garbage-first heap   total 141312K, used 79402K [0x0000000703a00000, 0x0000000800000000)
  region size 2048K, 3 young (6144K), 2 survivors (4096K)
 Metaspace       used 78958K, committed 79744K, reserved 1179648K
  class space    used 10882K, committed 11264K, reserved 1048576K
}

