# JRE version: Java(TM) SE Runtime Environment (18.0.2.1+1) (build 18.0.2.1+1-1)
# Java VM: Java HotSpot(TM) 64-Bit Server VM (18.0.2.1+1-1, mixed mode, sharing, tiered, compressed oops, compressed class ptrs, g1 gc, windows-amd64)
GC Precious Log:
 CardTable entry size: 512
 Card Set container configuration: InlinePtr #cards 4 size 8 Array Of Cards #cards 16 size 48 Howl #buckets 8 coarsen threshold 3686 Howl Bitmap #cards 512 size 80 coarsen threshold 460 Card regions per heap region 1 cards per card region 4096
 CPUs: 12 total, 12 available
 Memory: 16145M
 Large Page Support: Disabled
 NUMA Support: Disabled
 Compressed Oops: Enabled (Zero based)
 Heap Region Size: 2M
 Heap Min Capacity: 8M
 Heap Initial Capacity: 254M
 Heap Max Capacity: 4038M
 Pre-touch: Disabled
 Parallel Workers: 10
 Concurrent Workers: 3
 Concurrent Refinement Workers: 10
 Periodic GC: Disabled
Heap:
 garbage-first heap   total 204800K, used 141804K [0x0000000703a00000, 0x0000000800000000)
  region size 2048K, 29 young (59392K), 5 survivors (10240K)
 Metaspace       used 35732K, committed 36288K, reserved 1114112K
  class space    used 3908K, committed 4160K, reserved 1048576K
GC Heap History (20 events):
Event: 0.883 GC heap before
{Heap before GC invocations=1 (full 0):
 garbage-first heap   total 260096K, used 34646K [0x0000000703a00000, 0x0000000800000000)
  region size 2048K, 17 young (34816K), 2 survivors (4096K)
 Metaspace       used 9783K, committed 9984K, reserved 1114112K
  class space    used 1161K, committed 1280K, reserved 1048576K
}
Event: 0.886 GC heap after
{Heap after GC invocations=2 (full 0):
 garbage-first heap   total 260096K, used 5632K [0x0000000703a00000, 0x0000000800000000)
  region size 2048K, 1 young (2048K), 1 survivors (2048K)
 Metaspace       used 9783K, committed 9984K, reserved 1114112K
  class space    used 1161K, committed 1280K, reserved 1048576K
}
Event: 3.110 GC heap before
{Heap before GC invocations=2 (full 0):
 garbage-first heap   total 260096K, used 224768K [0x0000000703a00000, 0x0000000800000000)
  region size 2048K, 76 young (155648K), 1 survivors (2048K)
 Metaspace       used 17953K, committed 18240K, reserved 1114112K
  class space    used 1957K, committed 2112K, reserved 1048576K
}
Event: 3.121 GC heap after
{Heap after GC invocations=3 (full 0):
 garbage-first heap   total 260096K, used 16791K [0x0000000703a00000, 0x0000000800000000)
  region size 2048K, 7 young (14336K), 7 survivors (14336K)
 Metaspace       used 17953K, committed 18240K, reserved 1114112K
  class space    used 1957K, committed 2112K, reserved 1048576K
}
Event: 3.591 GC heap before
{Heap before GC invocations=3 (full 0):
 garbage-first heap   total 260096K, used 43415K [0x0000000703a00000, 0x0000000800000000)
  region size 2048K, 19 young (38912K), 7 survivors (14336K)
 Metaspace       used 21249K, committed 21504K, reserved 1114112K
  class space    used 2394K, committed 2560K, reserved 1048576K
}
Event: 3.598 GC heap after
{Heap after GC invocations=4 (full 0):
 garbage-first heap   total 260096K, used 26193K [0x0000000703a00000, 0x0000000800000000)
  region size 2048K, 3 young (6144K), 3 survivors (6144K)
 Metaspace       used 21249K, committed 21504K, reserved 1114112K
  class space    used 2394K, committed 2560K, reserved 1048576K
}
Event: 4.225 GC heap before
{Heap before GC invocations=5 (full 0):
 garbage-first heap   total 102400K, used 79441K [0x0000000703a00000, 0x0000000800000000)
  region size 2048K, 30 young (61440K), 3 survivors (6144K)
 Metaspace       used 25347K, committed 25664K, reserved 1114112K
  class space    used 2819K, committed 2944K, reserved 1048576K
}
Event: 4.234 GC heap after
{Heap after GC invocations=6 (full 0):
 garbage-first heap   total 112640K, used 47104K [0x0000000703a00000, 0x0000000800000000)
  region size 2048K, 4 young (8192K), 4 survivors (8192K)
 Metaspace       used 25347K, committed 25664K, reserved 1114112K
  class space    used 2819K, committed 2944K, reserved 1048576K
}
Event: 4.240 GC heap before
{Heap before GC invocations=6 (full 0):
 garbage-first heap   total 112640K, used 49152K [0x0000000703a00000, 0x0000000800000000)
  region size 2048K, 5 young (10240K), 4 survivors (8192K)
 Metaspace       used 25348K, committed 25664K, reserved 1114112K
  class space    used 2819K, committed 2944K, reserved 1048576K
}
Event: 4.242 GC heap after
{Heap after GC invocations=7 (full 0):
 garbage-first heap   total 112640K, used 49242K [0x0000000703a00000, 0x0000000800000000)
  region size 2048K, 1 young (2048K), 1 survivors (2048K)
 Metaspace       used 25348K, committed 25664K, reserved 1114112K
  class space    used 2819K, committed 2944K, reserved 1048576K
}
Event: 4.498 GC heap before
{Heap before GC invocations=7 (full 0):
 garbage-first heap   total 112640K, used 77914K [0x0000000703a00000, 0x0000000800000000)
  region size 2048K, 15 young (30720K), 1 survivors (2048K)
 Metaspace       used 26217K, committed 26496K, reserved 1114112K
  class space    used 2890K, committed 3008K, reserved 1048576K
}
Event: 4.506 GC heap after
{Heap after GC invocations=8 (full 0):
 garbage-first heap   total 112640K, used 55296K [0x0000000703a00000, 0x0000000800000000)
  region size 2048K, 2 young (4096K), 2 survivors (4096K)
 Metaspace       used 26217K, committed 26496K, reserved 1114112K
  class space    used 2890K, committed 3008K, reserved 1048576K
}
Event: 4.911 GC heap before
{Heap before GC invocations=8 (full 0):
 garbage-first heap   total 112640K, used 79872K [0x0000000703a00000, 0x0000000800000000)
  region size 2048K, 15 young (30720K), 2 survivors (4096K)
 Metaspace       used 27749K, committed 28096K, reserved 1114112K
  class space    used 3046K, committed 3200K, reserved 1048576K
}
Event: 4.917 GC heap after
{Heap after GC invocations=9 (full 0):
 garbage-first heap   total 225280K, used 56672K [0x0000000703a00000, 0x0000000800000000)
  region size 2048K, 1 young (2048K), 1 survivors (2048K)
 Metaspace       used 27749K, committed 28096K, reserved 1114112K
  class space    used 3046K, committed 3200K, reserved 1048576K
}
Event: 5.578 GC heap before
{Heap before GC invocations=10 (full 0):
 garbage-first heap   total 204800K, used 152928K [0x0000000703a00000, 0x0000000800000000)
  region size 2048K, 48 young (98304K), 1 survivors (2048K)
 Metaspace       used 29254K, committed 29760K, reserved 1114112K
  class space    used 3208K, committed 3456K, reserved 1048576K
}
Event: 5.581 GC heap after
{Heap after GC invocations=11 (full 0):
 garbage-first heap   total 204800K, used 58220K [0x0000000703a00000, 0x0000000800000000)
  region size 2048K, 2 young (4096K), 2 survivors (4096K)
 Metaspace       used 29254K, committed 29760K, reserved 1114112K
  class space    used 3208K, committed 3456K, reserved 1048576K
}
Event: 6.526 GC heap before
{Heap before GC invocations=11 (full 0):
 garbage-first heap   total 204800K, used 148332K [0x0000000703a00000, 0x0000000800000000)
  region size 2048K, 45 young (92160K), 2 survivors (4096K)
 Metaspace       used 31309K, committed 31808K, reserved 1114112K
  class space    used 3440K, committed 3712K, reserved 1048576K
}
Event: 6.535 GC heap after
{Heap after GC invocations=12 (full 0):
 garbage-first heap   total 204800K, used 84396K [0x0000000703a00000, 0x0000000800000000)
  region size 2048K, 6 young (12288K), 6 survivors (12288K)
 Metaspace       used 31309K, committed 31808K, reserved 1114112K
  class space    used 3440K, committed 3712K, reserved 1048576K
}
Event: 7.031 GC heap before
{Heap before GC invocations=12 (full 0):
 garbage-first heap   total 204800K, used 143788K [0x0000000703a00000, 0x0000000800000000)
  region size 2048K, 35 young (71680K), 6 survivors (12288K)
 Metaspace       used 32623K, committed 33152K, reserved 1114112K
  class space    used 3590K, committed 3840K, reserved 1048576K
}
Event: 7.038 GC heap after
{Heap after GC invocations=13 (full 0):
 garbage-first heap   total 204800K, used 94700K [0x0000000703a00000, 0x0000000800000000)
  region size 2048K, 5 young (10240K), 5 survivors (10240K)
 Metaspace       used 32623K, committed 33152K, reserved 1114112K
  class space    used 3590K, committed 3840K, reserved 1048576K
}

